  Game.cpp
C:\Users\Nikita\source\repos\PTV\PTV\Game.cpp(177,39): warning C4305: аргумент: усечение из "double" в "T"
          with
          [
              T=float
          ]
C:\Users\Nikita\source\repos\PTV\PTV\Game.cpp(177,77): warning C4305: аргумент: усечение из "double" в "T"
          with
          [
              T=float
          ]
C:\Users\Nikita\source\repos\PTV\PTV\Game.cpp(177,115): warning C4305: аргумент: усечение из "double" в "T"
          with
          [
              T=float
          ]
  Создание кода
  1 of 225 functions ( 0.4%) were compiled, the rest were copied from previous compilation.
    0 functions were new in current compilation
    1 functions had inline decision re-evaluated but remain unchanged
  Создание кода завершено
  PTV.vcxproj -> C:\Users\Nikita\source\repos\PTV\Release\PTV.exe
